[ 2017-05-19T16:59:17+08:00 ] ::1 /myAdmin/Api/Index/getData()
INFO: [ app_init ] --START--
INFO: Run Behavior\BuildLiteBehavior [ RunTime:0.000000s ]
INFO: [ app_init ] --END-- [ RunTime:0.000000s ]
INFO: [ app_begin ] --START--
INFO: Run Behavior\ReadHtmlCacheBehavior [ RunTime:0.000500s ]
INFO: [ app_begin ] --END-- [ RunTime:0.000500s ]
ERR: 非法操作:getData()

[ 2017-05-19T16:59:25+08:00 ] ::1 /myAdmin/Api/Index/getData
INFO: [ app_init ] --START--
INFO: Run Behavior\BuildLiteBehavior [ RunTime:0.000000s ]
INFO: [ app_init ] --END-- [ RunTime:0.000000s ]
INFO: [ app_begin ] --START--
INFO: Run Behavior\ReadHtmlCacheBehavior [ RunTime:0.000500s ]
INFO: [ app_begin ] --END-- [ RunTime:0.000500s ]
NOTIC: D方法实例化没找到模型类Api\Model\IndexModel
ERR: 1146:Table 'app_opensns_cn.think_index' doesn't exist
 [ SQL语句 ] : SHOW COLUMNS FROM `think_index`
ERR: 1146:Table 'app_opensns_cn.think_index' doesn't exist
 [ SQL语句 ] : SHOW COLUMNS FROM `think_index`

[ 2017-05-19T17:00:05+08:00 ] ::1 /myAdmin/Api/Index/getData
INFO: [ app_init ] --START--
INFO: Run Behavior\BuildLiteBehavior [ RunTime:0.000000s ]
INFO: [ app_init ] --END-- [ RunTime:0.000000s ]
INFO: [ app_begin ] --START--
INFO: Run Behavior\ReadHtmlCacheBehavior [ RunTime:0.000500s ]
INFO: [ app_begin ] --END-- [ RunTime:0.000500s ]
NOTIC: D方法实例化没找到模型类Api\Model\IndexModel
ERR: 1146:Table 'app_opensns_cn.ocenter_index' doesn't exist
 [ SQL语句 ] : SHOW COLUMNS FROM `ocenter_index`
ERR: 1146:Table 'app_opensns_cn.ocenter_index' doesn't exist
 [ SQL语句 ] : SHOW COLUMNS FROM `ocenter_index`

[ 2017-05-19T17:00:40+08:00 ] ::1 /myAdmin/Api/Index/getData
INFO: [ app_init ] --START--
INFO: Run Behavior\BuildLiteBehavior [ RunTime:0.000000s ]
INFO: [ app_init ] --END-- [ RunTime:0.000500s ]
INFO: [ app_begin ] --START--
INFO: Run Behavior\ReadHtmlCacheBehavior [ RunTime:0.001001s ]
INFO: [ app_begin ] --END-- [ RunTime:0.001001s ]
NOTIC: D方法实例化没找到模型类Api\Model\IndexModel
ERR: 1146:Table 'app_opensns_cn.ocenterindex' doesn't exist
 [ SQL语句 ] : SHOW COLUMNS FROM `ocenterindex`
ERR: 1146:Table 'app_opensns_cn.ocenterindex' doesn't exist
 [ SQL语句 ] : SHOW COLUMNS FROM `ocenterindex`

[ 2017-05-19T17:01:01+08:00 ] ::1 /myAdmin/Api/Index/getData
INFO: [ app_init ] --START--
INFO: Run Behavior\BuildLiteBehavior [ RunTime:0.000000s ]
INFO: [ app_init ] --END-- [ RunTime:0.000500s ]
INFO: [ app_begin ] --START--
INFO: Run Behavior\ReadHtmlCacheBehavior [ RunTime:0.000500s ]
INFO: [ app_begin ] --END-- [ RunTime:0.000500s ]
NOTIC: D方法实例化没找到模型类Api\Model\IndexModel
ERR: 1146:Table 'app_opensns_cn.ocenter_index' doesn't exist
 [ SQL语句 ] : SHOW COLUMNS FROM `ocenter_index`
ERR: 1146:Table 'app_opensns_cn.ocenter_index' doesn't exist
 [ SQL语句 ] : SHOW COLUMNS FROM `ocenter_index`

[ 2017-05-19T17:01:43+08:00 ] ::1 /myAdmin/Api/Index/getData
INFO: [ app_init ] --START--
INFO: Run Behavior\BuildLiteBehavior [ RunTime:0.000000s ]
INFO: [ app_init ] --END-- [ RunTime:0.000500s ]
INFO: [ app_begin ] --START--
INFO: Run Behavior\ReadHtmlCacheBehavior [ RunTime:0.000500s ]
INFO: [ app_begin ] --END-- [ RunTime:0.001000s ]
NOTIC: D方法实例化没找到模型类Api\Model\IndexModel
ERR: 1146:Table 'app_opensns_cn.ocenter_index' doesn't exist
 [ SQL语句 ] : SHOW COLUMNS FROM `ocenter_index`
ERR: 1146:Table 'app_opensns_cn.ocenter_index' doesn't exist
 [ SQL语句 ] : SHOW COLUMNS FROM `ocenter_index`

[ 2017-05-19T17:01:50+08:00 ] ::1 /myAdmin/Api/Index/getData
INFO: [ app_init ] --START--
INFO: Run Behavior\BuildLiteBehavior [ RunTime:0.000000s ]
INFO: [ app_init ] --END-- [ RunTime:0.000500s ]
INFO: [ app_begin ] --START--
INFO: Run Behavior\ReadHtmlCacheBehavior [ RunTime:0.000500s ]
INFO: [ app_begin ] --END-- [ RunTime:0.000500s ]
NOTIC: D方法实例化没找到模型类Api\Model\IndexModel
ERR: 1146:Table 'app_opensns_cn.ocenter_index' doesn't exist
 [ SQL语句 ] : SHOW COLUMNS FROM `ocenter_index`
ERR: 1146:Table 'app_opensns_cn.ocenter_index' doesn't exist
 [ SQL语句 ] : SHOW COLUMNS FROM `ocenter_index`

[ 2017-05-19T17:02:34+08:00 ] ::1 /myAdmin/Api/Index/getData
INFO: [ app_init ] --START--
INFO: Run Behavior\BuildLiteBehavior [ RunTime:0.000000s ]
INFO: [ app_init ] --END-- [ RunTime:0.000500s ]
INFO: [ app_begin ] --START--
INFO: Run Behavior\ReadHtmlCacheBehavior [ RunTime:0.000500s ]
INFO: [ app_begin ] --END-- [ RunTime:0.000500s ]

[ 2017-05-19T17:02:35+08:00 ] ::1 /myAdmin/Api/Index/getData
INFO: [ app_init ] --START--
INFO: Run Behavior\BuildLiteBehavior [ RunTime:0.000000s ]
INFO: [ app_init ] --END-- [ RunTime:0.000000s ]
INFO: [ app_begin ] --START--
INFO: Run Behavior\ReadHtmlCacheBehavior [ RunTime:0.000500s ]
INFO: [ app_begin ] --END-- [ RunTime:0.001000s ]

[ 2017-05-19T17:02:41+08:00 ] ::1 /myAdmin/Api/Index/getData
INFO: [ app_init ] --START--
INFO: Run Behavior\BuildLiteBehavior [ RunTime:0.000000s ]
INFO: [ app_init ] --END-- [ RunTime:0.000500s ]
INFO: [ app_begin ] --START--
INFO: Run Behavior\ReadHtmlCacheBehavior [ RunTime:0.000500s ]
INFO: [ app_begin ] --END-- [ RunTime:0.000500s ]

[ 2017-05-19T17:03:10+08:00 ] ::1 /myAdmin/Api/Index/getData
INFO: [ app_init ] --START--
INFO: Run Behavior\BuildLiteBehavior [ RunTime:0.000000s ]
INFO: [ app_init ] --END-- [ RunTime:0.000000s ]
INFO: [ app_begin ] --START--
INFO: Run Behavior\ReadHtmlCacheBehavior [ RunTime:0.001000s ]
INFO: [ app_begin ] --END-- [ RunTime:0.001000s ]
NOTIC: D方法实例化没找到模型类Api\Model\IndexModel
ERR: 1146:Table 'app_opensns_cn.ocenter_index' doesn't exist
 [ SQL语句 ] : SHOW COLUMNS FROM `ocenter_index`
ERR: 1146:Table 'app_opensns_cn.ocenter_index' doesn't exist
 [ SQL语句 ] : SHOW COLUMNS FROM `ocenter_index`

[ 2017-05-19T17:03:39+08:00 ] ::1 /myAdmin/Api/Index/getData
INFO: [ app_init ] --START--
INFO: Run Behavior\BuildLiteBehavior [ RunTime:0.000000s ]
INFO: [ app_init ] --END-- [ RunTime:0.000500s ]
INFO: [ app_begin ] --START--
INFO: Run Behavior\ReadHtmlCacheBehavior [ RunTime:0.000500s ]
INFO: [ app_begin ] --END-- [ RunTime:0.000500s ]
NOTIC: D方法实例化没找到模型类Api\Model\WeiboModel
SQL: SHOW COLUMNS FROM `ocenter_weibo` [ RunTime:0.0280s ]
ERR: Think\Model:getData方法不存在！

[ 2017-05-19T17:03:50+08:00 ] ::1 /myAdmin/Api/Index/getData
INFO: [ app_init ] --START--
INFO: Run Behavior\BuildLiteBehavior [ RunTime:0.000000s ]
INFO: [ app_init ] --END-- [ RunTime:0.000000s ]
INFO: [ app_begin ] --START--
INFO: Run Behavior\ReadHtmlCacheBehavior [ RunTime:0.000500s ]
INFO: [ app_begin ] --END-- [ RunTime:0.000500s ]
SQL: SHOW COLUMNS FROM `ocenter_weibo` [ RunTime:0.0090s ]
ERR: Think\Model:getData方法不存在！

[ 2017-05-19T17:04:03+08:00 ] ::1 /myAdmin/Api/Index/getData
INFO: [ app_init ] --START--
INFO: Run Behavior\BuildLiteBehavior [ RunTime:0.000000s ]
INFO: [ app_init ] --END-- [ RunTime:0.000000s ]
INFO: [ app_begin ] --START--
INFO: Run Behavior\ReadHtmlCacheBehavior [ RunTime:0.000500s ]
INFO: [ app_begin ] --END-- [ RunTime:0.000500s ]
SQL: SHOW COLUMNS FROM `ocenter_weibo` [ RunTime:0.0095s ]
SQL: SELECT * FROM `ocenter_weibo` WHERE `id` = 1  [ RunTime:0.0120s ]
INFO: [ app_end ] --START--
INFO: Run Behavior\ShowPageTraceBehavior [ RunTime:0.000500s ]
INFO: [ app_end ] --END-- [ RunTime:0.000500s ]

[ 2017-05-19T17:04:27+08:00 ] ::1 /myAdmin/Api/Index/getData
INFO: [ app_init ] --START--
INFO: Run Behavior\BuildLiteBehavior [ RunTime:0.000000s ]
INFO: [ app_init ] --END-- [ RunTime:0.000000s ]
INFO: [ app_begin ] --START--
INFO: Run Behavior\ReadHtmlCacheBehavior [ RunTime:0.000500s ]
INFO: [ app_begin ] --END-- [ RunTime:0.000500s ]
SQL: SHOW COLUMNS FROM `ocenter_weibo` [ RunTime:0.0100s ]
SQL: SELECT * FROM `ocenter_weibo` WHERE `id` = 1  [ RunTime:0.0095s ]

[ 2017-05-19T17:04:55+08:00 ] ::1 /myAdmin/Api/Index/getData
INFO: [ app_init ] --START--
INFO: Run Behavior\BuildLiteBehavior [ RunTime:0.000500s ]
INFO: [ app_init ] --END-- [ RunTime:0.000500s ]
INFO: [ app_begin ] --START--
INFO: Run Behavior\ReadHtmlCacheBehavior [ RunTime:0.000501s ]
INFO: [ app_begin ] --END-- [ RunTime:0.001001s ]
SQL: SHOW COLUMNS FROM `ocenter_weibo` [ RunTime:0.0160s ]
SQL: SELECT * FROM `ocenter_weibo` WHERE `type` = 10  [ RunTime:0.0885s ]

[ 2017-05-19T17:05:05+08:00 ] ::1 /myAdmin/Api/Index/getData
INFO: [ app_init ] --START--
INFO: Run Behavior\BuildLiteBehavior [ RunTime:0.000000s ]
INFO: [ app_init ] --END-- [ RunTime:0.000500s ]
INFO: [ app_begin ] --START--
INFO: Run Behavior\ReadHtmlCacheBehavior [ RunTime:0.000500s ]
INFO: [ app_begin ] --END-- [ RunTime:0.000500s ]
SQL: SHOW COLUMNS FROM `ocenter_weibo` [ RunTime:0.0090s ]
SQL: SELECT * FROM `ocenter_weibo` WHERE `type` = 'feed'  [ RunTime:3.3699s ]

[ 2017-05-19T17:05:48+08:00 ] ::1 /myAdmin/Api/Index/getData
INFO: [ app_init ] --START--
INFO: Run Behavior\BuildLiteBehavior [ RunTime:0.000000s ]
INFO: [ app_init ] --END-- [ RunTime:0.000500s ]
INFO: [ app_begin ] --START--
INFO: Run Behavior\ReadHtmlCacheBehavior [ RunTime:0.000500s ]
INFO: [ app_begin ] --END-- [ RunTime:0.000500s ]
SQL: SHOW COLUMNS FROM `ocenter_weibo` [ RunTime:0.0085s ]
SQL: SELECT * FROM `ocenter_weibo` WHERE `id` = 1  [ RunTime:0.0085s ]
INFO: [ app_end ] --START--
INFO: Run Behavior\ShowPageTraceBehavior [ RunTime:0.000500s ]
INFO: [ app_end ] --END-- [ RunTime:0.001000s ]

[ 2017-05-19T17:06:36+08:00 ] ::1 /myAdmin/Api/Index/getData
INFO: [ app_init ] --START--
INFO: Run Behavior\BuildLiteBehavior [ RunTime:0.000000s ]
INFO: [ app_init ] --END-- [ RunTime:0.000500s ]
INFO: [ app_begin ] --START--
INFO: Run Behavior\ReadHtmlCacheBehavior [ RunTime:0.000500s ]
INFO: [ app_begin ] --END-- [ RunTime:0.000500s ]
SQL: SHOW COLUMNS FROM `ocenter_weibo` [ RunTime:0.0105s ]
SQL: SELECT * FROM `ocenter_weibo` WHERE `id` = 1  [ RunTime:0.0095s ]

[ 2017-05-19T17:06:47+08:00 ] ::1 /myAdmin/Api/Index/getData
INFO: [ app_init ] --START--
INFO: Run Behavior\BuildLiteBehavior [ RunTime:0.000000s ]
INFO: [ app_init ] --END-- [ RunTime:0.000500s ]
INFO: [ app_begin ] --START--
INFO: Run Behavior\ReadHtmlCacheBehavior [ RunTime:0.000500s ]
INFO: [ app_begin ] --END-- [ RunTime:0.000500s ]
SQL: SHOW COLUMNS FROM `ocenter_weibo` [ RunTime:0.0180s ]
SQL: SELECT * FROM `ocenter_weibo` WHERE `id` = 1  [ RunTime:0.0110s ]
NOTIC: [2] strtoupper() expects parameter 1 to be string, array given E:\phpStudy\WWW\myAdmin\ThinkPHP\Library\Think\Controller.class.php 第 212 行.
INFO: [ app_end ] --START--
INFO: Run Behavior\ShowPageTraceBehavior [ RunTime:0.001000s ]
INFO: [ app_end ] --END-- [ RunTime:0.001500s ]

[ 2017-05-19T17:08:19+08:00 ] ::1 /myAdmin/Api/Index/getData
INFO: [ app_init ] --START--
INFO: Run Behavior\BuildLiteBehavior [ RunTime:0.000000s ]
INFO: [ app_init ] --END-- [ RunTime:0.000500s ]
INFO: [ app_begin ] --START--
INFO: Run Behavior\ReadHtmlCacheBehavior [ RunTime:0.000500s ]
INFO: [ app_begin ] --END-- [ RunTime:0.000500s ]
SQL: SHOW COLUMNS FROM `ocenter_weibo` [ RunTime:0.0105s ]
SQL: SELECT * FROM `ocenter_weibo` WHERE `id` = 1  [ RunTime:0.0095s ]

[ 2017-05-19T17:08:59+08:00 ] ::1 /myAdmin/Api/Index/getData
INFO: [ app_init ] --START--
INFO: Run Behavior\BuildLiteBehavior [ RunTime:0.000000s ]
INFO: [ app_init ] --END-- [ RunTime:0.000500s ]
INFO: [ app_begin ] --START--
INFO: Run Behavior\ReadHtmlCacheBehavior [ RunTime:0.001001s ]
INFO: [ app_begin ] --END-- [ RunTime:0.001001s ]
SQL: SHOW COLUMNS FROM `ocenter_weibo` [ RunTime:0.0105s ]
SQL: SELECT * FROM `ocenter_weibo` WHERE `id` = 1  [ RunTime:0.0090s ]

[ 2017-05-19T17:09:00+08:00 ] ::1 /myAdmin/Api/Index/getData
INFO: [ app_init ] --START--
INFO: Run Behavior\BuildLiteBehavior [ RunTime:0.000000s ]
INFO: [ app_init ] --END-- [ RunTime:0.000500s ]
INFO: [ app_begin ] --START--
INFO: Run Behavior\ReadHtmlCacheBehavior [ RunTime:0.000500s ]
INFO: [ app_begin ] --END-- [ RunTime:0.000500s ]
SQL: SHOW COLUMNS FROM `ocenter_weibo` [ RunTime:0.0095s ]
SQL: SELECT * FROM `ocenter_weibo` WHERE `id` = 1  [ RunTime:0.0085s ]

[ 2017-05-19T17:10:30+08:00 ] ::1 /myAdmin/Api/Index/getData
INFO: [ app_init ] --START--
INFO: Run Behavior\BuildLiteBehavior [ RunTime:0.000000s ]
INFO: [ app_init ] --END-- [ RunTime:0.000000s ]
INFO: [ app_begin ] --START--
INFO: Run Behavior\ReadHtmlCacheBehavior [ RunTime:0.000500s ]
INFO: [ app_begin ] --END-- [ RunTime:0.000500s ]
ERR: 1146:Table 'app_opensns_cn.ocenter_index' doesn't exist
 [ SQL语句 ] : SHOW COLUMNS FROM `ocenter_index`
ERR: 1146:Table 'app_opensns_cn.ocenter_index' doesn't exist
 [ SQL语句 ] : SHOW COLUMNS FROM `ocenter_index`

[ 2017-05-19T17:11:20+08:00 ] ::1 /myAdmin/Api/Index/getData
INFO: [ app_init ] --START--
INFO: Run Behavior\BuildLiteBehavior [ RunTime:0.000000s ]
INFO: [ app_init ] --END-- [ RunTime:0.001000s ]
INFO: [ app_begin ] --START--
INFO: Run Behavior\ReadHtmlCacheBehavior [ RunTime:0.000000s ]
INFO: [ app_begin ] --END-- [ RunTime:0.000000s ]
ERR: 1146:Table 'app_opensns_cn.ocenter_index' doesn't exist
 [ SQL语句 ] : SHOW COLUMNS FROM `ocenter_index`
ERR: 1146:Table 'app_opensns_cn.ocenter_index' doesn't exist
 [ SQL语句 ] : SHOW COLUMNS FROM `ocenter_index`

[ 2017-05-19T17:17:18+08:00 ] ::1 /myAdmin/Api/Index/getData
INFO: [ app_init ] --START--
INFO: Run Behavior\BuildLiteBehavior [ RunTime:0.000000s ]
INFO: [ app_init ] --END-- [ RunTime:0.000000s ]
INFO: [ app_begin ] --START--
INFO: Run Behavior\ReadHtmlCacheBehavior [ RunTime:0.000000s ]
INFO: [ app_begin ] --END-- [ RunTime:0.000000s ]

[ 2017-05-19T17:17:27+08:00 ] ::1 /myAdmin/Api/Index/getData
INFO: [ app_init ] --START--
INFO: Run Behavior\BuildLiteBehavior [ RunTime:0.000000s ]
INFO: [ app_init ] --END-- [ RunTime:0.000000s ]
INFO: [ app_begin ] --START--
INFO: Run Behavior\ReadHtmlCacheBehavior [ RunTime:0.001001s ]
INFO: [ app_begin ] --END-- [ RunTime:0.001001s ]
SQL: SHOW COLUMNS FROM `ocenter_weibo` [ RunTime:0.0080s ]
SQL: SELECT * FROM `ocenter_weibo` WHERE `id` = 1  [ RunTime:0.0090s ]
INFO: [ app_end ] --START--
INFO: Run Behavior\ShowPageTraceBehavior [ RunTime:0.000000s ]
INFO: [ app_end ] --END-- [ RunTime:0.000000s ]

[ 2017-05-19T17:17:44+08:00 ] ::1 /myAdmin/Api/Index/getData
INFO: [ app_init ] --START--
INFO: Run Behavior\BuildLiteBehavior [ RunTime:0.000000s ]
INFO: [ app_init ] --END-- [ RunTime:0.000000s ]
INFO: [ app_begin ] --START--
INFO: Run Behavior\ReadHtmlCacheBehavior [ RunTime:0.000000s ]
INFO: [ app_begin ] --END-- [ RunTime:0.000000s ]
SQL: SHOW COLUMNS FROM `ocenter_weibo` [ RunTime:0.0180s ]
SQL: SELECT * FROM `ocenter_weibo` WHERE `id` = 1  [ RunTime:0.0130s ]

[ 2017-05-19T17:18:19+08:00 ] ::1 /myAdmin/Api/Index/getData
INFO: [ app_init ] --START--
INFO: Run Behavior\BuildLiteBehavior [ RunTime:0.000000s ]
INFO: [ app_init ] --END-- [ RunTime:0.000000s ]
INFO: [ app_begin ] --START--
INFO: Run Behavior\ReadHtmlCacheBehavior [ RunTime:0.001000s ]
INFO: [ app_begin ] --END-- [ RunTime:0.001000s ]
SQL: SHOW COLUMNS FROM `ocenter_weibo` [ RunTime:0.0120s ]
SQL: SELECT * FROM `ocenter_weibo` WHERE `id` = 1  [ RunTime:0.0120s ]

[ 2017-05-19T17:18:39+08:00 ] ::1 /myAdmin/Api/Index/getData
INFO: [ app_init ] --START--
INFO: Run Behavior\BuildLiteBehavior [ RunTime:0.000000s ]
INFO: [ app_init ] --END-- [ RunTime:0.000000s ]
INFO: [ app_begin ] --START--
INFO: Run Behavior\ReadHtmlCacheBehavior [ RunTime:0.001000s ]
INFO: [ app_begin ] --END-- [ RunTime:0.001000s ]
SQL: SHOW COLUMNS FROM `ocenter_weibo` [ RunTime:0.0100s ]
SQL: SELECT * FROM `ocenter_weibo` WHERE `id` = 1  [ RunTime:0.0090s ]

[ 2017-05-19T17:18:46+08:00 ] ::1 /myAdmin/Api/Index/getData
INFO: [ app_init ] --START--
INFO: Run Behavior\BuildLiteBehavior [ RunTime:0.000000s ]
INFO: [ app_init ] --END-- [ RunTime:0.000000s ]
INFO: [ app_begin ] --START--
INFO: Run Behavior\ReadHtmlCacheBehavior [ RunTime:0.001000s ]
INFO: [ app_begin ] --END-- [ RunTime:0.001000s ]
SQL: SHOW COLUMNS FROM `ocenter_weibo` [ RunTime:0.0100s ]
SQL: SELECT * FROM `ocenter_weibo` WHERE `id` = 1  [ RunTime:0.0090s ]
INFO: [ app_end ] --START--
INFO: Run Behavior\ShowPageTraceBehavior [ RunTime:0.001000s ]
INFO: [ app_end ] --END-- [ RunTime:0.001000s ]

[ 2017-05-19T17:21:13+08:00 ] ::1 /myAdmin/Api/Index/getData
INFO: [ app_init ] --START--
INFO: Run Behavior\BuildLiteBehavior [ RunTime:0.000000s ]
INFO: [ app_init ] --END-- [ RunTime:0.000000s ]
INFO: [ app_begin ] --START--
INFO: Run Behavior\ReadHtmlCacheBehavior [ RunTime:0.000000s ]
INFO: [ app_begin ] --END-- [ RunTime:0.000000s ]
SQL: SHOW COLUMNS FROM `ocenter_weibo` [ RunTime:0.0100s ]
SQL: SELECT * FROM `ocenter_weibo` WHERE `id` = 1  [ RunTime:0.0090s ]

[ 2017-05-19T17:21:51+08:00 ] ::1 /myAdmin/Api/Index/getData
INFO: [ app_init ] --START--
INFO: Run Behavior\BuildLiteBehavior [ RunTime:0.000000s ]
INFO: [ app_init ] --END-- [ RunTime:0.001000s ]
INFO: [ app_begin ] --START--
INFO: Run Behavior\ReadHtmlCacheBehavior [ RunTime:0.001000s ]
INFO: [ app_begin ] --END-- [ RunTime:0.001000s ]
SQL: SHOW COLUMNS FROM `ocenter_weibo` [ RunTime:0.0100s ]
SQL: SELECT * FROM `ocenter_weibo` WHERE `id` = 1  [ RunTime:0.0100s ]

[ 2017-05-19T17:22:16+08:00 ] ::1 /myAdmin/Api/Index/getData
INFO: [ app_init ] --START--
INFO: Run Behavior\BuildLiteBehavior [ RunTime:0.000000s ]
INFO: [ app_init ] --END-- [ RunTime:0.001000s ]
INFO: [ app_begin ] --START--
INFO: Run Behavior\ReadHtmlCacheBehavior [ RunTime:0.000000s ]
INFO: [ app_begin ] --END-- [ RunTime:0.000000s ]
SQL: SHOW COLUMNS FROM `ocenter_weibo` [ RunTime:0.0090s ]
SQL: SELECT * FROM `ocenter_weibo` WHERE `id` = 1  [ RunTime:0.0080s ]

[ 2017-05-19T17:29:29+08:00 ] ::1 /myAdmin/Api/Index/getData
INFO: [ app_init ] --START--
INFO: Run Behavior\BuildLiteBehavior [ RunTime:0.000000s ]
INFO: [ app_init ] --END-- [ RunTime:0.001000s ]
INFO: [ app_begin ] --START--
INFO: Run Behavior\ReadHtmlCacheBehavior [ RunTime:0.001000s ]
INFO: [ app_begin ] --END-- [ RunTime:0.001000s ]
SQL: SHOW COLUMNS FROM `ocenter_weibo` [ RunTime:0.0110s ]
SQL: SELECT * FROM `ocenter_weibo` WHERE `id` = 1  [ RunTime:0.0100s ]
ERR: Think\Controller:apiSuccess方法不存在！

[ 2017-05-19T17:29:48+08:00 ] ::1 /myAdmin/Api/Index/getData
INFO: [ app_init ] --START--
INFO: Run Behavior\BuildLiteBehavior [ RunTime:0.000000s ]
INFO: [ app_init ] --END-- [ RunTime:0.000000s ]
INFO: [ app_begin ] --START--
INFO: Run Behavior\ReadHtmlCacheBehavior [ RunTime:0.001000s ]
INFO: [ app_begin ] --END-- [ RunTime:0.001000s ]
SQL: SHOW COLUMNS FROM `ocenter_weibo` [ RunTime:0.0170s ]
SQL: SELECT * FROM `ocenter_weibo` WHERE `id` = 1  [ RunTime:0.0100s ]
ERR: Think\Controller:apiSuccess方法不存在！

[ 2017-05-19T17:30:45+08:00 ] ::1 /myAdmin/Api/Index/getData
INFO: [ app_init ] --START--
INFO: Run Behavior\BuildLiteBehavior [ RunTime:0.000000s ]
INFO: [ app_init ] --END-- [ RunTime:0.000000s ]
INFO: [ app_begin ] --START--
INFO: Run Behavior\ReadHtmlCacheBehavior [ RunTime:0.000000s ]
INFO: [ app_begin ] --END-- [ RunTime:0.000000s ]
SQL: SHOW COLUMNS FROM `ocenter_weibo` [ RunTime:0.0100s ]
SQL: SELECT * FROM `ocenter_weibo` WHERE `id` = 1  [ RunTime:0.0090s ]
ERR: Think\Controller:apiSuccess方法不存在！

[ 2017-05-19T17:31:44+08:00 ] ::1 /myAdmin/Api/Index/getData
INFO: [ app_init ] --START--
INFO: Run Behavior\BuildLiteBehavior [ RunTime:0.000000s ]
INFO: [ app_init ] --END-- [ RunTime:0.001000s ]
INFO: [ app_begin ] --START--
INFO: Run Behavior\ReadHtmlCacheBehavior [ RunTime:0.001000s ]
INFO: [ app_begin ] --END-- [ RunTime:0.001000s ]
SQL: SHOW COLUMNS FROM `ocenter_weibo` [ RunTime:0.0160s ]
SQL: SELECT * FROM `ocenter_weibo` WHERE `id` = 1  [ RunTime:0.0100s ]
ERR: Think\Controller:apiSuccess方法不存在！

